<?xml version="1.0" encoding="UTF-8"?>
<testng-results skipped="0" failed="0" total="1" passed="1">
  <reporter-output>
    <line>
      <![CDATA[fixed]]>
    </line>
  </reporter-output>
  <suite name="Default suite" duration-ms="30" started-at="2020-01-07T11:27:40Z" finished-at="2020-01-07T11:27:40Z">
    <groups>
    </groups>
    <test name="Default test" duration-ms="30" started-at="2020-01-07T11:27:40Z" finished-at="2020-01-07T11:27:40Z">
      <class name="arjun.actitime1.AppTest">
        <test-method status="PASS" signature="testa()[pri:0, instance:arjun.actitime1.AppTest@7c0e2abd]" name="testa" duration-ms="11" started-at="2020-01-07T16:57:40Z" finished-at="2020-01-07T16:57:40Z">
          <reporter-output>
            <line>
              <![CDATA[fixed]]>
            </line>
          </reporter-output>
        </test-method> <!-- testa -->
      </class> <!-- arjun.actitime1.AppTest -->
    </test> <!-- Default test -->
  </suite> <!-- Default suite -->
</testng-results>
