<?xml version="1.0" encoding="UTF-8"?>
<testng-results skipped="0" failed="0" total="1" passed="1">
  <reporter-output>
    <line>
      <![CDATA[fixed]]>
    </line>
  </reporter-output>
  <suite name="Suite" duration-ms="43" started-at="2020-01-07T12:53:23Z" finished-at="2020-01-07T12:53:23Z">
    <groups>
    </groups>
    <test name="Test" duration-ms="43" started-at="2020-01-07T12:53:23Z" finished-at="2020-01-07T12:53:23Z">
      <class name="arjun.actitime1.AppTest">
        <test-method status="PASS" signature="testa()[pri:0, instance:arjun.actitime1.AppTest@6cd8737]" name="testa" duration-ms="7" started-at="2020-01-07T18:23:23Z" finished-at="2020-01-07T18:23:23Z">
          <reporter-output>
            <line>
              <![CDATA[fixed]]>
            </line>
          </reporter-output>
        </test-method> <!-- testa -->
      </class> <!-- arjun.actitime1.AppTest -->
    </test> <!-- Test -->
  </suite> <!-- Suite -->
</testng-results>
